\BOOKMARK [1][-]{section.1}{\376\377\000G\000o\000a\000l\000s}{}% 1
\BOOKMARK [2][-]{subsection.1.1}{\376\377\000E\000x\000p\000e\000c\000t\000e\000d\000\040\000A\000c\000h\000i\000e\000v\000e\000m\000e\000n\000t\000s}{section.1}% 2
\BOOKMARK [1][-]{section.2}{\376\377\000D\000a\000t\000a}{}% 3
\BOOKMARK [2][-]{subsection.2.1}{\376\377\000D\000a\000t\000a\000s\000e\000t\000s}{section.2}% 4
\BOOKMARK [3][-]{subsubsection.2.1.1}{\376\377\000\040\000\040\000F\000a\000c\000e\000\040\000M\000a\000s\000k\000\040\000D\000e\000t\000e\000c\000t\000i\000o\000n\000\040\000D\000a\000t\000a\000s\000e\000t\000\040\000f\000a\000c\000e\000-\000m\000a\000s\000k\000-\000d\000e\000t\000e\000c\000t\000i\000o\000n}{subsection.2.1}% 5
\BOOKMARK [3][-]{subsubsection.2.1.2}{\376\377\000\040\000F\000a\000c\000e\000\040\000M\000a\000s\000k\000\040\000D\000a\000t\000a\000s\000e\000t\000\040\000f\000a\000c\000e\000-\000m\000a\000s\000k\000-\000d\000e\000t\000e\000c\000t\000i\000o\000n\000\040\000\046\000\040\000N\000a\000t\000u\000r\000a\000l\000\040\000I\000m\000a\000g\000e\000s\000\040\000D\000a\000t\000a\000s\000e\000t\000\040\000n\000a\000t\000u\000r\000a\000l\000-\000i\000m\000a\000g\000e\000s}{subsection.2.1}% 6
\BOOKMARK [2][-]{subsection.2.2}{\376\377\000T\000r\000a\000n\000s\000f\000o\000r\000m\000a\000t\000i\000o\000n\000s\000\040\000u\000s\000e\000d\000\040\000f\000o\000r\000\040\000d\000a\000t\000a}{section.2}% 7
\BOOKMARK [1][-]{section.3}{\376\377\000A\000r\000c\000h\000i\000t\000e\000c\000t\000u\000r\000e}{}% 8
\BOOKMARK [2][-]{subsection.3.1}{\376\377\000T\000h\000e\000\040\000M\000o\000d\000e\000l}{section.3}% 9
\BOOKMARK [2][-]{subsection.3.2}{\376\377\000T\000r\000a\000i\000n\000i\000n\000g}{section.3}% 10
\BOOKMARK [2][-]{subsection.3.3}{\376\377\000T\000e\000s\000t\000i\000n\000g\000\040\000P\000i\000p\000e\000l\000i\000n\000e}{section.3}% 11
\BOOKMARK [1][-]{section.4}{\376\377\000R\000e\000s\000u\000l\000t\000s}{}% 12
\BOOKMARK [1][-]{section.5}{\376\377\000G\000u\000i}{}% 13
\BOOKMARK [1][-]{section.6}{\376\377\000B\000i\000b\000l\000i\000o\000g\000r\000a\000p\000h\000y}{}% 14
\BOOKMARK [1][-]{section.7}{\376\377\000A\000p\000p\000e\000n\000d\000i\000x\000e\000s}{}% 15
\BOOKMARK [2][-]{subsection.7.1}{\376\377\000T\000h\000e\000\040\000C\000o\000d\000e}{section.7}% 16
\BOOKMARK [2][-]{subsection.7.2}{\376\377\000H\000o\000w\000\040\000T\000o\000\040\000R\000u\000n\000\040\000T\000h\000e\000\040\000P\000r\000o\000j\000e\000c\000t}{section.7}% 17
\BOOKMARK [2][-]{subsection.7.3}{\376\377\000D\000e\000m\000o\000\040\000A\000g\000e\000n\000a}{section.7}% 18
\BOOKMARK [3][-]{subsubsection.7.3.1}{\376\377\000T\000e\000x\000t\000u\000a\000l}{subsection.7.3}% 19
\BOOKMARK [3][-]{subsubsection.7.3.2}{\376\377\000G\000u\000i}{subsection.7.3}% 20
\BOOKMARK [3][-]{subsubsection.7.3.3}{\376\377\000V\000i\000d\000e\000o}{subsection.7.3}% 21
